<?xml version="1.0" encoding="UTF-8"?>
<robot generator="Robot 7.0 (Python 3.12.2 on win32)" generated="2024-03-14T17:08:02.655006" rpa="false" schemaversion="5">
<suite id="s1" name="Google Search" source="D:\003_Thitima\T.Naruapon\My Robot\google_search.robot">
<test id="s1-t1" name="Search Google and Verify Results" line="11">
<kw name="Open Google">
<kw name="Open Browser" owner="SeleniumLibrary">
<msg time="2024-03-14T17:08:02.804307" level="INFO">Opening browser 'Chrome' to base url 'https://www.google.com'.</msg>
<arg>https://www.google.com</arg>
<arg>${BROWSER}</arg>
<doc>Opens a new browser instance to the optional ``url``.</doc>
<status status="PASS" start="2024-03-14T17:08:02.804307" elapsed="2.273965"/>
</kw>
<status status="PASS" start="2024-03-14T17:08:02.803311" elapsed="2.275959"/>
</kw>
<kw name="Input Search Term">
<kw name="Input Text" owner="SeleniumLibrary">
<msg time="2024-03-14T17:08:05.080266" level="INFO">Typing text 'robot framework' into text field 'name=q'.</msg>
<arg>name=q</arg>
<arg>${SEARCH_TERM}</arg>
<doc>Types the given ``text`` into the text field identified by ``locator``.</doc>
<status status="PASS" start="2024-03-14T17:08:05.080266" elapsed="0.085683"/>
</kw>
<status status="PASS" start="2024-03-14T17:08:05.079270" elapsed="0.086679"/>
</kw>
<kw name="Press Enter Google Search">
<kw name="Press Keys" owner="SeleniumLibrary">
<msg time="2024-03-14T17:08:05.166948" level="INFO">Sending key(s) ('ENTER',) to name=q element.</msg>
<msg time="2024-03-14T17:08:05.455393" level="INFO">Pressing special key ENTER to element.</msg>
<msg time="2024-03-14T17:08:05.455393" level="INFO">Releasing special key ENTER.</msg>
<arg>name=q</arg>
<arg>ENTER</arg>
<doc>Simulates the user pressing key(s) to an element or on the active browser.</doc>
<status status="PASS" start="2024-03-14T17:08:05.166948" elapsed="1.019528"/>
</kw>
<status status="PASS" start="2024-03-14T17:08:05.165949" elapsed="1.020527"/>
</kw>
<kw name="Verify Search Results">
<kw name="Wait Until Page Contains" owner="SeleniumLibrary">
<arg>${SEARCH_RESULT}</arg>
<doc>Waits until ``text`` appears on the current page.</doc>
<status status="PASS" start="2024-03-14T17:08:06.186476" elapsed="0.022715"/>
</kw>
<kw name="Page Should Contain" owner="SeleniumLibrary">
<msg time="2024-03-14T17:08:06.250467" level="INFO">Current page contains text 'Automate'.</msg>
<arg>${SEARCH_RESULT}</arg>
<doc>Verifies that current page contains ``text``.</doc>
<status status="PASS" start="2024-03-14T17:08:06.209191" elapsed="0.041276"/>
</kw>
<status status="PASS" start="2024-03-14T17:08:06.186476" elapsed="0.063991"/>
</kw>
<kw name="Close Browser" owner="SeleniumLibrary">
<doc>Closes the current browser.</doc>
<status status="PASS" start="2024-03-14T17:08:06.251941" elapsed="2.045885"/>
</kw>
<doc>Test case to search Google and verify results</doc>
<status status="PASS" start="2024-03-14T17:08:02.803311" elapsed="5.494515"/>
</test>
<test id="s1-t2" name="Search Google and Verify Results-2" line="20">
<kw name="Open Google">
<kw name="Open Browser" owner="SeleniumLibrary">
<msg time="2024-03-14T17:08:08.297826" level="INFO">Opening browser 'Chrome' to base url 'https://www.google.com'.</msg>
<arg>https://www.google.com</arg>
<arg>${BROWSER}</arg>
<doc>Opens a new browser instance to the optional ``url``.</doc>
<status status="PASS" start="2024-03-14T17:08:08.297826" elapsed="1.940219"/>
</kw>
<status status="PASS" start="2024-03-14T17:08:08.297826" elapsed="1.940219"/>
</kw>
<kw name="Input Search Term">
<kw name="Input Text" owner="SeleniumLibrary">
<msg time="2024-03-14T17:08:10.239059" level="INFO">Typing text 'robot framework' into text field 'name=q'.</msg>
<arg>name=q</arg>
<arg>${SEARCH_TERM}</arg>
<doc>Types the given ``text`` into the text field identified by ``locator``.</doc>
<status status="PASS" start="2024-03-14T17:08:10.239059" elapsed="0.079334"/>
</kw>
<status status="PASS" start="2024-03-14T17:08:10.239059" elapsed="0.079334"/>
</kw>
<kw name="Press Enter Google Search">
<kw name="Press Keys" owner="SeleniumLibrary">
<msg time="2024-03-14T17:08:10.318393" level="INFO">Sending key(s) ('ENTER',) to name=q element.</msg>
<msg time="2024-03-14T17:08:10.633345" level="INFO">Pressing special key ENTER to element.</msg>
<msg time="2024-03-14T17:08:10.633345" level="INFO">Releasing special key ENTER.</msg>
<arg>name=q</arg>
<arg>ENTER</arg>
<doc>Simulates the user pressing key(s) to an element or on the active browser.</doc>
<status status="PASS" start="2024-03-14T17:08:10.318393" elapsed="1.003606"/>
</kw>
<status status="PASS" start="2024-03-14T17:08:10.318393" elapsed="1.003606"/>
</kw>
<kw name="Verify Search Results-2">
<kw name="Wait Until Page Contains" owner="SeleniumLibrary">
<arg>${SEARCH_RESULT-2}</arg>
<doc>Waits until ``text`` appears on the current page.</doc>
<status status="PASS" start="2024-03-14T17:08:11.326953" elapsed="0.043465"/>
</kw>
<kw name="Page Should Contain" owner="SeleniumLibrary">
<msg time="2024-03-14T17:08:11.393799" level="INFO">Current page contains text 'User'.</msg>
<arg>${SEARCH_RESULT-2}</arg>
<doc>Verifies that current page contains ``text``.</doc>
<status status="PASS" start="2024-03-14T17:08:11.370446" elapsed="0.023353"/>
</kw>
<status status="PASS" start="2024-03-14T17:08:11.321999" elapsed="0.071800"/>
</kw>
<kw name="Close Browser" owner="SeleniumLibrary">
<doc>Closes the current browser.</doc>
<status status="PASS" start="2024-03-14T17:08:11.394797" elapsed="2.048174"/>
</kw>
<doc>Test case to search Google and verify results</doc>
<status status="PASS" start="2024-03-14T17:08:08.297826" elapsed="5.145145"/>
</test>
<test id="s1-t3" name="Search Google and Verify Results-3" line="28">
<kw name="Open Google">
<kw name="Open Browser" owner="SeleniumLibrary">
<msg time="2024-03-14T17:08:13.442971" level="INFO">Opening browser 'Chrome' to base url 'https://www.google.com'.</msg>
<arg>https://www.google.com</arg>
<arg>${BROWSER}</arg>
<doc>Opens a new browser instance to the optional ``url``.</doc>
<status status="PASS" start="2024-03-14T17:08:13.442971" elapsed="3.012363"/>
</kw>
<status status="PASS" start="2024-03-14T17:08:13.442971" elapsed="3.012363"/>
</kw>
<kw name="Input XSearch Term">
<kw name="Input Text" owner="SeleniumLibrary">
<msg time="2024-03-14T17:08:16.455334" level="INFO">Typing text 'robot framework' into text field 'xpath=//*[@name="q"]'.</msg>
<arg>xpath=//*[@name="q"]</arg>
<arg>${SEARCH_TERM}</arg>
<doc>Types the given ``text`` into the text field identified by ``locator``.</doc>
<status status="PASS" start="2024-03-14T17:08:16.455334" elapsed="0.076207"/>
</kw>
<status status="PASS" start="2024-03-14T17:08:16.455334" elapsed="0.076207"/>
</kw>
<kw name="Press Enter Google Search">
<kw name="Press Keys" owner="SeleniumLibrary">
<msg time="2024-03-14T17:08:16.531541" level="INFO">Sending key(s) ('ENTER',) to name=q element.</msg>
<msg time="2024-03-14T17:08:16.834525" level="INFO">Pressing special key ENTER to element.</msg>
<msg time="2024-03-14T17:08:16.834525" level="INFO">Releasing special key ENTER.</msg>
<arg>name=q</arg>
<arg>ENTER</arg>
<doc>Simulates the user pressing key(s) to an element or on the active browser.</doc>
<status status="PASS" start="2024-03-14T17:08:16.531541" elapsed="1.009087"/>
</kw>
<status status="PASS" start="2024-03-14T17:08:16.531541" elapsed="1.009087"/>
</kw>
<kw name="Verify Search Results-2">
<kw name="Wait Until Page Contains" owner="SeleniumLibrary">
<arg>${SEARCH_RESULT-2}</arg>
<doc>Waits until ``text`` appears on the current page.</doc>
<status status="PASS" start="2024-03-14T17:08:17.541457" elapsed="0.017890"/>
</kw>
<kw name="Page Should Contain" owner="SeleniumLibrary">
<msg time="2024-03-14T17:08:17.600819" level="INFO">Current page contains text 'User'.</msg>
<arg>${SEARCH_RESULT-2}</arg>
<doc>Verifies that current page contains ``text``.</doc>
<status status="PASS" start="2024-03-14T17:08:17.559347" elapsed="0.041472"/>
</kw>
<status status="PASS" start="2024-03-14T17:08:17.541457" elapsed="0.059362"/>
</kw>
<kw name="Close Browser" owner="SeleniumLibrary">
<doc>Closes the current browser.</doc>
<status status="PASS" start="2024-03-14T17:08:17.601816" elapsed="2.046871"/>
</kw>
<doc>Test case to search Google and verify results</doc>
<status status="PASS" start="2024-03-14T17:08:13.442971" elapsed="6.205716"/>
</test>
<test id="s1-t4" name="Search Yahoo and Verify Results" line="36">
<kw name="Open Yahoo">
<kw name="Open Browser" owner="SeleniumLibrary">
<msg time="2024-03-14T17:08:19.648687" level="INFO">Opening browser 'Chrome' to base url 'https://www.yahoo.com'.</msg>
<arg>https://www.yahoo.com</arg>
<arg>${BROWSER}</arg>
<doc>Opens a new browser instance to the optional ``url``.</doc>
<status status="PASS" start="2024-03-14T17:08:19.648687" elapsed="2.635760"/>
</kw>
<status status="PASS" start="2024-03-14T17:08:19.648687" elapsed="2.635760"/>
</kw>
<kw name="Input Yahoo Search Term">
<kw name="Input Text" owner="SeleniumLibrary">
<msg time="2024-03-14T17:08:22.285444" level="INFO">Typing text 'robot framework' into text field 'name=p'.</msg>
<arg>name=p</arg>
<arg>${SEARCH_TERM}</arg>
<doc>Types the given ``text`` into the text field identified by ``locator``.</doc>
<status status="PASS" start="2024-03-14T17:08:22.285444" elapsed="0.072011"/>
</kw>
<status status="PASS" start="2024-03-14T17:08:22.284447" elapsed="0.073008"/>
</kw>
<kw name="Press Enter Yahoo Search">
<kw name="Press Keys" owner="SeleniumLibrary">
<msg time="2024-03-14T17:08:22.357455" level="INFO">Sending key(s) ('ENTER',) to name=p element.</msg>
<msg time="2024-03-14T17:08:22.663858" level="INFO">Pressing special key ENTER to element.</msg>
<msg time="2024-03-14T17:08:22.663858" level="INFO">Releasing special key ENTER.</msg>
<arg>name=p</arg>
<arg>ENTER</arg>
<doc>Simulates the user pressing key(s) to an element or on the active browser.</doc>
<status status="PASS" start="2024-03-14T17:08:22.357455" elapsed="0.321673"/>
</kw>
<status status="PASS" start="2024-03-14T17:08:22.357455" elapsed="0.321673"/>
</kw>
<kw name="Verify Search Results">
<kw name="Wait Until Page Contains" owner="SeleniumLibrary">
<arg>${SEARCH_RESULT}</arg>
<doc>Waits until ``text`` appears on the current page.</doc>
<status status="PASS" start="2024-03-14T17:08:22.679128" elapsed="0.029671"/>
</kw>
<kw name="Page Should Contain" owner="SeleniumLibrary">
<msg time="2024-03-14T17:08:22.734917" level="INFO">Current page contains text 'Automate'.</msg>
<arg>${SEARCH_RESULT}</arg>
<doc>Verifies that current page contains ``text``.</doc>
<status status="PASS" start="2024-03-14T17:08:22.708799" elapsed="0.026118"/>
</kw>
<status status="PASS" start="2024-03-14T17:08:22.679128" elapsed="0.055789"/>
</kw>
<kw name="Close Browser" owner="SeleniumLibrary">
<doc>Closes the current browser.</doc>
<status status="PASS" start="2024-03-14T17:08:22.744959" elapsed="2.070258"/>
</kw>
<status status="PASS" start="2024-03-14T17:08:19.648687" elapsed="5.166530"/>
</test>
<status status="PASS" start="2024-03-14T17:08:02.656003" elapsed="22.159214"/>
</suite>
<statistics>
<total>
<stat pass="4" fail="0" skip="0">All Tests</stat>
</total>
<tag>
</tag>
<suite>
<stat pass="4" fail="0" skip="0" id="s1" name="Google Search">Google Search</stat>
</suite>
</statistics>
<errors>
</errors>
</robot>
